  drawing_of_cliques.cpp
C:\Users\filip\source\repos\generating-simple-drawings-of-graphs\coordinates_generator\functions.hpp(270,20): warning C4018: '<': signed/unsigned mismatch
C:\Users\filip\source\repos\generating-simple-drawings-of-graphs\coordinates_generator\functions.hpp(271,21): warning C4018: '<': signed/unsigned mismatch
C:\Users\filip\source\repos\generating-simple-drawings-of-graphs\coordinates_generator\functions.hpp(286,20): warning C4018: '<': signed/unsigned mismatch
C:\Users\filip\source\repos\generating-simple-drawings-of-graphs\coordinates_generator\functions.hpp(299,21): warning C4018: '<': signed/unsigned mismatch
C:\Users\filip\source\repos\generating-simple-drawings-of-graphs\coordinates_generator\functions.hpp(385,20): warning C4018: '<': signed/unsigned mismatch
C:\Users\filip\source\repos\generating-simple-drawings-of-graphs\coordinates_generator\functions.hpp(407,20): warning C4018: '<': signed/unsigned mismatch
C:\Users\filip\source\repos\generating-simple-drawings-of-graphs\coordinates_generator\functions.hpp(499,21): warning C4018: '<': signed/unsigned mismatch
C:\Users\filip\source\repos\generating-simple-drawings-of-graphs\coordinates_generator\functions.hpp(503,21): warning C4018: '<': signed/unsigned mismatch
C:\Users\filip\source\repos\generating-simple-drawings-of-graphs\coordinates_generator\functions.hpp(509,21): warning C4018: '<': signed/unsigned mismatch
C:\Users\filip\source\repos\generating-simple-drawings-of-graphs\coordinates_generator\functions.hpp(510,42): warning C4018: '<': signed/unsigned mismatch
C:\Users\filip\source\repos\generating-simple-drawings-of-graphs\coordinates_generator\functions.hpp(531,21): warning C4018: '<': signed/unsigned mismatch
C:\Users\filip\source\repos\generating-simple-drawings-of-graphs\coordinates_generator\functions.hpp(552,22): warning C4018: '<': signed/unsigned mismatch
C:\Users\filip\source\repos\generating-simple-drawings-of-graphs\coordinates_generator\functions.hpp(559,21): warning C4018: '<': signed/unsigned mismatch
C:\Users\filip\source\repos\generating-simple-drawings-of-graphs\coordinates_generator\functions.hpp(572,22): warning C4018: '<': signed/unsigned mismatch
C:\Users\filip\source\repos\generating-simple-drawings-of-graphs\coordinates_generator\functions.hpp(584,22): warning C4018: '<': signed/unsigned mismatch
C:\Users\filip\source\repos\generating-simple-drawings-of-graphs\coordinates_generator\functions.hpp(606,21): warning C4018: '<': signed/unsigned mismatch
C:\Users\filip\source\repos\generating-simple-drawings-of-graphs\coordinates_generator\functions.hpp(610,21): warning C4018: '<': signed/unsigned mismatch
C:\Users\filip\source\repos\generating-simple-drawings-of-graphs\coordinates_generator\functions.hpp(668,21): warning C4018: '<': signed/unsigned mismatch
C:\Users\filip\source\repos\generating-simple-drawings-of-graphs\coordinates_generator\functions.hpp(669,22): warning C4018: '<': signed/unsigned mismatch
C:\Users\filip\source\repos\generating-simple-drawings-of-graphs\coordinates_generator\functions.hpp(676,21): warning C4018: '<': signed/unsigned mismatch
C:\Users\filip\source\repos\generating-simple-drawings-of-graphs\coordinates_generator\functions.hpp(682,21): warning C4018: '<': signed/unsigned mismatch
C:\Users\filip\source\repos\generating-simple-drawings-of-graphs\coordinates_generator\functions.hpp(718,23): warning C4018: '<': signed/unsigned mismatch
C:\Users\filip\source\repos\generating-simple-drawings-of-graphs\coordinates_generator\functions.hpp(733,23): warning C4018: '<': signed/unsigned mismatch
C:\Users\filip\source\repos\generating-simple-drawings-of-graphs\coordinates_generator\functions.hpp(752,21): warning C4018: '<': signed/unsigned mismatch
C:\Users\filip\source\repos\generating-simple-drawings-of-graphs\coordinates_generator\functions.hpp(765,21): warning C4018: '<': signed/unsigned mismatch
C:\Users\filip\source\repos\generating-simple-drawings-of-graphs\coordinates_generator\functions.hpp(793,22): warning C4018: '<': signed/unsigned mismatch
C:\Users\filip\source\repos\generating-simple-drawings-of-graphs\coordinates_generator\functions.hpp(805,22): warning C4018: '<': signed/unsigned mismatch
C:\Users\filip\source\repos\generating-simple-drawings-of-graphs\coordinates_generator\functions.hpp(824,22): warning C4018: '<': signed/unsigned mismatch
C:\Users\filip\source\repos\generating-simple-drawings-of-graphs\coordinates_generator\functions.hpp(836,22): warning C4018: '<': signed/unsigned mismatch
C:\Users\filip\source\repos\generating-simple-drawings-of-graphs\coordinates_generator\functions.hpp(846,21): warning C4018: '<': signed/unsigned mismatch
C:\Users\filip\source\repos\generating-simple-drawings-of-graphs\coordinates_generator\functions.hpp(855,21): warning C4018: '<': signed/unsigned mismatch
C:\Users\filip\source\repos\generating-simple-drawings-of-graphs\coordinates_generator\functions.hpp(892,20): warning C4018: '<': signed/unsigned mismatch
C:\Users\filip\source\repos\generating-simple-drawings-of-graphs\coordinates_generator\functions.hpp(1046,20): warning C4018: '<': signed/unsigned mismatch
C:\Users\filip\source\repos\generating-simple-drawings-of-graphs\coordinates_generator\functions.hpp(1151,108): warning C4244: 'argument': conversion from '_Ty2' to 'int', possible loss of data
          with
          [
              _Ty2=double
          ]
C:\Users\filip\source\repos\generating-simple-drawings-of-graphs\coordinates_generator\functions.hpp(1151,66): warning C4244: 'argument': conversion from '_Ty1' to 'int', possible loss of data
          with
          [
              _Ty1=double
          ]
C:\Users\filip\source\repos\generating-simple-drawings-of-graphs\coordinates_generator\functions.hpp(1420,22): warning C4018: '<': signed/unsigned mismatch
C:\Users\filip\source\repos\generating-simple-drawings-of-graphs\coordinates_generator\functions.hpp(1422,23): warning C4018: '<': signed/unsigned mismatch
  coordinates_generator.vcxproj -> C:\Users\filip\source\repos\generating-simple-drawings-of-graphs\Debug\coordinates_generator.exe
