  drawing_of_cliques.cpp
C:\Users\filip\source\repos\generating-simple-drawings-of-graphs\drawing_of_cliques\functions.hpp(501,16): warning C4244: 'argument': conversion from '__int64' to 'const unsigned int', possible loss of data
C:\Users\filip\source\repos\generating-simple-drawings-of-graphs\drawing_of_cliques\functions.hpp(501,41): warning C4244: 'argument': conversion from '__int64' to 'int', possible loss of data
C:\Users\filip\source\repos\generating-simple-drawings-of-graphs\drawing_of_cliques\functions.hpp(502,13): warning C4244: 'argument': conversion from '__int64' to 'const unsigned int', possible loss of data
C:\Users\filip\source\repos\generating-simple-drawings-of-graphs\drawing_of_cliques\functions.hpp(503,35): warning C4244: 'argument': conversion from '__int64' to 'const unsigned int', possible loss of data
C:\Users\filip\source\repos\generating-simple-drawings-of-graphs\drawing_of_cliques\functions.hpp(503,63): warning C4244: 'argument': conversion from '__int64' to 'const unsigned int', possible loss of data
C:\Users\filip\source\repos\generating-simple-drawings-of-graphs\drawing_of_cliques\functions.hpp(506,13): warning C4244: 'argument': conversion from '__int64' to 'const unsigned int', possible loss of data
C:\Users\filip\source\repos\generating-simple-drawings-of-graphs\drawing_of_cliques\functions.hpp(507,35): warning C4244: 'argument': conversion from '__int64' to 'const unsigned int', possible loss of data
C:\Users\filip\source\repos\generating-simple-drawings-of-graphs\drawing_of_cliques\functions.hpp(507,63): warning C4244: 'argument': conversion from '__int64' to 'const unsigned int', possible loss of data
C:\Users\filip\source\repos\generating-simple-drawings-of-graphs\drawing_of_cliques\functions.hpp(512,16): warning C4244: 'argument': conversion from '__int64' to 'const unsigned int', possible loss of data
C:\Users\filip\source\repos\generating-simple-drawings-of-graphs\drawing_of_cliques\functions.hpp(522,83): warning C4244: 'argument': conversion from '__int64' to 'const unsigned int', possible loss of data
C:\Users\filip\source\repos\generating-simple-drawings-of-graphs\drawing_of_cliques\functions.hpp(522,55): warning C4244: 'argument': conversion from '__int64' to 'const unsigned int', possible loss of data
C:\Users\filip\source\repos\generating-simple-drawings-of-graphs\drawing_of_cliques\functions.hpp(537,14): warning C4244: 'argument': conversion from '__int64' to 'const unsigned int', possible loss of data
C:\Users\filip\source\repos\generating-simple-drawings-of-graphs\drawing_of_cliques\functions.hpp(538,19): warning C4244: 'argument': conversion from '__int64' to 'const unsigned int', possible loss of data
C:\Users\filip\source\repos\generating-simple-drawings-of-graphs\drawing_of_cliques\functions.hpp(538,36): warning C4244: 'argument': conversion from '__int64' to 'const unsigned int', possible loss of data
C:\Users\filip\source\repos\generating-simple-drawings-of-graphs\drawing_of_cliques\functions.hpp(538,56): warning C4244: 'argument': conversion from '__int64' to 'const unsigned int', possible loss of data
C:\Users\filip\source\repos\generating-simple-drawings-of-graphs\drawing_of_cliques\functions.hpp(538,83): warning C4244: 'argument': conversion from '__int64' to 'const unsigned int', possible loss of data
C:\Users\filip\source\repos\generating-simple-drawings-of-graphs\drawing_of_cliques\functions.hpp(542,23): warning C4244: 'argument': conversion from '__int64' to 'const unsigned int', possible loss of data
C:\Users\filip\source\repos\generating-simple-drawings-of-graphs\drawing_of_cliques\functions.hpp(542,50): warning C4244: 'argument': conversion from '__int64' to 'const unsigned int', possible loss of data
C:\Users\filip\source\repos\generating-simple-drawings-of-graphs\drawing_of_cliques\functions.hpp(542,41): warning C4244: 'argument': conversion from '__int64' to 'const unsigned int', possible loss of data
C:\Users\filip\source\repos\generating-simple-drawings-of-graphs\drawing_of_cliques\functions.hpp(542,67): warning C4244: 'argument': conversion from '__int64' to 'const unsigned int', possible loss of data
C:\Users\filip\source\repos\generating-simple-drawings-of-graphs\drawing_of_cliques\functions.hpp(542,95): warning C4244: 'argument': conversion from '__int64' to 'const unsigned int', possible loss of data
C:\Users\filip\source\repos\generating-simple-drawings-of-graphs\drawing_of_cliques\functions.hpp(542,85): warning C4244: 'argument': conversion from '__int64' to 'const unsigned int', possible loss of data
C:\Users\filip\source\repos\generating-simple-drawings-of-graphs\drawing_of_cliques\functions.hpp(543,13): warning C4244: 'argument': conversion from '__int64' to 'const unsigned int', possible loss of data
C:\Users\filip\source\repos\generating-simple-drawings-of-graphs\drawing_of_cliques\functions.hpp(674,22): warning C4018: '<': signed/unsigned mismatch
C:\Users\filip\source\repos\generating-simple-drawings-of-graphs\drawing_of_cliques\functions.hpp(676,36): warning C4018: '<': signed/unsigned mismatch
  drawing_of_cliques.vcxproj -> C:\Users\filip\source\repos\generating-simple-drawings-of-graphs\Debug\drawing_of_cliques.exe
