  drawing_of_cliques.cpp
C:\Users\filip\source\repos\generating-simple-drawings-of-graphs\drawing_of_cliques\functions.hpp(697,16): warning C4244: 'argument': conversion from '__int64' to 'const unsigned int', possible loss of data
C:\Users\filip\source\repos\generating-simple-drawings-of-graphs\drawing_of_cliques\functions.hpp(697,41): warning C4244: 'argument': conversion from '__int64' to 'int', possible loss of data
C:\Users\filip\source\repos\generating-simple-drawings-of-graphs\drawing_of_cliques\functions.hpp(698,13): warning C4244: 'argument': conversion from '__int64' to 'const unsigned int', possible loss of data
C:\Users\filip\source\repos\generating-simple-drawings-of-graphs\drawing_of_cliques\functions.hpp(699,35): warning C4244: 'argument': conversion from '__int64' to 'const unsigned int', possible loss of data
C:\Users\filip\source\repos\generating-simple-drawings-of-graphs\drawing_of_cliques\functions.hpp(699,63): warning C4244: 'argument': conversion from '__int64' to 'const unsigned int', possible loss of data
C:\Users\filip\source\repos\generating-simple-drawings-of-graphs\drawing_of_cliques\functions.hpp(702,13): warning C4244: 'argument': conversion from '__int64' to 'const unsigned int', possible loss of data
C:\Users\filip\source\repos\generating-simple-drawings-of-graphs\drawing_of_cliques\functions.hpp(703,35): warning C4244: 'argument': conversion from '__int64' to 'const unsigned int', possible loss of data
C:\Users\filip\source\repos\generating-simple-drawings-of-graphs\drawing_of_cliques\functions.hpp(703,63): warning C4244: 'argument': conversion from '__int64' to 'const unsigned int', possible loss of data
C:\Users\filip\source\repos\generating-simple-drawings-of-graphs\drawing_of_cliques\functions.hpp(708,16): warning C4244: 'argument': conversion from '__int64' to 'const unsigned int', possible loss of data
C:\Users\filip\source\repos\generating-simple-drawings-of-graphs\drawing_of_cliques\functions.hpp(718,83): warning C4244: 'argument': conversion from '__int64' to 'const unsigned int', possible loss of data
C:\Users\filip\source\repos\generating-simple-drawings-of-graphs\drawing_of_cliques\functions.hpp(718,55): warning C4244: 'argument': conversion from '__int64' to 'const unsigned int', possible loss of data
C:\Users\filip\source\repos\generating-simple-drawings-of-graphs\drawing_of_cliques\functions.hpp(733,14): warning C4244: 'argument': conversion from '__int64' to 'const unsigned int', possible loss of data
C:\Users\filip\source\repos\generating-simple-drawings-of-graphs\drawing_of_cliques\functions.hpp(734,19): warning C4244: 'argument': conversion from '__int64' to 'const unsigned int', possible loss of data
C:\Users\filip\source\repos\generating-simple-drawings-of-graphs\drawing_of_cliques\functions.hpp(734,36): warning C4244: 'argument': conversion from '__int64' to 'const unsigned int', possible loss of data
C:\Users\filip\source\repos\generating-simple-drawings-of-graphs\drawing_of_cliques\functions.hpp(734,56): warning C4244: 'argument': conversion from '__int64' to 'const unsigned int', possible loss of data
C:\Users\filip\source\repos\generating-simple-drawings-of-graphs\drawing_of_cliques\functions.hpp(734,83): warning C4244: 'argument': conversion from '__int64' to 'const unsigned int', possible loss of data
C:\Users\filip\source\repos\generating-simple-drawings-of-graphs\drawing_of_cliques\functions.hpp(738,23): warning C4244: 'argument': conversion from '__int64' to 'const unsigned int', possible loss of data
C:\Users\filip\source\repos\generating-simple-drawings-of-graphs\drawing_of_cliques\functions.hpp(738,50): warning C4244: 'argument': conversion from '__int64' to 'const unsigned int', possible loss of data
C:\Users\filip\source\repos\generating-simple-drawings-of-graphs\drawing_of_cliques\functions.hpp(738,41): warning C4244: 'argument': conversion from '__int64' to 'const unsigned int', possible loss of data
C:\Users\filip\source\repos\generating-simple-drawings-of-graphs\drawing_of_cliques\functions.hpp(738,67): warning C4244: 'argument': conversion from '__int64' to 'const unsigned int', possible loss of data
C:\Users\filip\source\repos\generating-simple-drawings-of-graphs\drawing_of_cliques\functions.hpp(738,95): warning C4244: 'argument': conversion from '__int64' to 'const unsigned int', possible loss of data
C:\Users\filip\source\repos\generating-simple-drawings-of-graphs\drawing_of_cliques\functions.hpp(738,85): warning C4244: 'argument': conversion from '__int64' to 'const unsigned int', possible loss of data
C:\Users\filip\source\repos\generating-simple-drawings-of-graphs\drawing_of_cliques\functions.hpp(739,13): warning C4244: 'argument': conversion from '__int64' to 'const unsigned int', possible loss of data
C:\Users\filip\source\repos\generating-simple-drawings-of-graphs\drawing_of_cliques\functions.hpp(828,21): warning C4018: '<': signed/unsigned mismatch
C:\Users\filip\source\repos\generating-simple-drawings-of-graphs\drawing_of_cliques\functions.hpp(979,20): warning C4018: '<': signed/unsigned mismatch
  Generating code
  2 of 1194 functions ( 0.2%) were compiled, the rest were copied from previous compilation.
    0 functions were new in current compilation
    0 functions had inline decision re-evaluated but remain unchanged
  Finished generating code
  drawing_of_cliques.vcxproj -> C:\Users\filip\source\repos\generating-simple-drawings-of-graphs\Release\drawing_of_cliques.exe
