  drawing_of_cliques.cpp
C:\Users\filip\source\repos\generating-simple-drawings-of-graphs\drawing_of_cliques\functions.hpp(201,62): error C2065: 'M_PI': undeclared identifier
C:\Users\filip\source\repos\generating-simple-drawings-of-graphs\drawing_of_cliques\functions.hpp(201,101): error C2065: 'M_PI': undeclared identifier
C:\Users\filip\source\repos\generating-simple-drawings-of-graphs\drawing_of_cliques\functions.hpp(201,20): error C2672: 'std::make_pair': no matching overloaded function found
C:\Users\filip\source\repos\generating-simple-drawings-of-graphs\drawing_of_cliques\functions.hpp(201,106): error C2780: 'std::pair<_Unrefwrap_helper<decay<_Ty>::type>::type,_Unrefwrap_helper<decay<_Ty2>::type>::type> std::make_pair(_Ty1 &&,_Ty2 &&) noexcept(<expr>)': expects 2 arguments - 1 provided
C:\Program Files (x86)\Microsoft Visual Studio\2019\Community\VC\Tools\MSVC\14.25.28610\include\utility(350): message : see declaration of 'std::make_pair'
C:\Users\filip\source\repos\generating-simple-drawings-of-graphs\drawing_of_cliques\functions.hpp(343,99): warning C4244: 'argument': conversion from '_Ty2' to 'int', possible loss of data
          with
          [
              _Ty2=double
          ]
C:\Users\filip\source\repos\generating-simple-drawings-of-graphs\drawing_of_cliques\functions.hpp(343,74): warning C4244: 'argument': conversion from '_Ty1' to 'int', possible loss of data
          with
          [
              _Ty1=double
          ]
C:\Users\filip\source\repos\generating-simple-drawings-of-graphs\drawing_of_cliques\functions.hpp(359,104): warning C4267: 'argument': conversion from 'size_t' to 'int', possible loss of data
C:\Users\filip\source\repos\generating-simple-drawings-of-graphs\drawing_of_cliques\functions.hpp(456,23): warning C4244: '=': conversion from '__int64' to 'int', possible loss of data
C:\Users\filip\source\repos\generating-simple-drawings-of-graphs\drawing_of_cliques\functions.hpp(569,11): error C3861: 'is_correct_K4': identifier not found
C:\Users\filip\source\repos\generating-simple-drawings-of-graphs\drawing_of_cliques\drawing_of_cliques.cpp(12,29): error C2039: 'create_next_vertex': is not a member of 'graph'
C:\Users\filip\source\repos\generating-simple-drawings-of-graphs\drawing_of_cliques\functions.hpp(23): message : see declaration of 'graph'
